<?xml version="1.0" encoding="UTF-8"?>
<robot generator="Robot 4.1.3 (Python 3.9.7 on linux)" generated="20220219 17:33:41.160" rpa="false" schemaversion="2">
<suite id="s1" name="Ettapl" source="/home/krishna38/Desktop/Qa/tests/ettapl.robot">
<test id="s1-t1" name="Test Automation Job Application">
<kw name="Open Browser" library="SeleniumLibrary">
<arg>${URL}</arg>
<arg>${BROWSER}</arg>
<doc>Opens a new browser instance to the optional ``url``.</doc>
<msg timestamp="20220219 17:33:41.308" level="INFO">Opening browser 'chrome' to base url 'https://www.te-palvelut.fi/'.</msg>
<status status="PASS" starttime="20220219 17:33:41.308" endtime="20220219 17:33:43.849"/>
</kw>
<kw name="Click Link" library="SeleniumLibrary">
<arg>${Link}</arg>
<doc>Clicks a link identified by ``locator``.</doc>
<msg timestamp="20220219 17:33:43.851" level="INFO">Clicking link 'Avoimet työpaikat'.</msg>
<status status="PASS" starttime="20220219 17:33:43.850" endtime="20220219 17:33:44.499"/>
</kw>
<kw name="Sleep" library="BuiltIn">
<arg>2s</arg>
<doc>Pauses the test executed for the given time.</doc>
<msg timestamp="20220219 17:33:46.500" level="INFO">Slept 2 seconds</msg>
<status status="PASS" starttime="20220219 17:33:44.499" endtime="20220219 17:33:46.500"/>
</kw>
<kw name="Input Text" library="SeleniumLibrary">
<arg>//*[@id="sanahaku"]</arg>
<arg>${INPUT_TEXT}</arg>
<doc>Types the given ``text`` into the text field identified by ``locator``.</doc>
<msg timestamp="20220219 17:33:46.503" level="INFO">Typing text 'Etteplan Test Automation' into text field '//*[@id="sanahaku"]'.</msg>
<status status="PASS" starttime="20220219 17:33:46.501" endtime="20220219 17:33:46.640"/>
</kw>
<kw name="Sleep" library="BuiltIn">
<arg>3s</arg>
<doc>Pauses the test executed for the given time.</doc>
<msg timestamp="20220219 17:33:49.641" level="INFO">Slept 3 seconds</msg>
<status status="PASS" starttime="20220219 17:33:46.641" endtime="20220219 17:33:49.642"/>
</kw>
<kw name="Click Button" library="SeleniumLibrary">
<arg>//*[@id="searchButton"]</arg>
<doc>Clicks the button identified by ``locator``.</doc>
<msg timestamp="20220219 17:33:49.644" level="INFO">Clicking button '//*[@id="searchButton"]'.</msg>
<status status="PASS" starttime="20220219 17:33:49.642" endtime="20220219 17:33:49.749"/>
</kw>
<kw name="Wait Until Page Contains" library="SeleniumLibrary">
<arg>Software Test Automation Engineers</arg>
<doc>Waits until ``text`` appears on the current page.</doc>
<status status="PASS" starttime="20220219 17:33:49.749" endtime="20220219 17:33:49.996"/>
</kw>
<kw name="Sleep" library="BuiltIn">
<arg>5s</arg>
<doc>Pauses the test executed for the given time.</doc>
<msg timestamp="20220219 17:33:54.998" level="INFO">Slept 5 seconds</msg>
<status status="PASS" starttime="20220219 17:33:49.997" endtime="20220219 17:33:54.998"/>
</kw>
<kw name="Click Element" library="SeleniumLibrary">
<arg>//*[@id="l11216778"]</arg>
<doc>Click the element identified by ``locator``.</doc>
<msg timestamp="20220219 17:33:55.000" level="INFO">Clicking element '//*[@id="l11216778"]'.</msg>
<status status="PASS" starttime="20220219 17:33:54.999" endtime="20220219 17:33:55.094"/>
</kw>
<kw name="Sleep" library="BuiltIn">
<arg>5s</arg>
<doc>Pauses the test executed for the given time.</doc>
<msg timestamp="20220219 17:34:00.095" level="INFO">Slept 5 seconds</msg>
<status status="PASS" starttime="20220219 17:33:55.094" endtime="20220219 17:34:00.095"/>
</kw>
<kw name="Click Link" library="SeleniumLibrary">
<arg>Tiedot</arg>
<doc>Clicks a link identified by ``locator``.</doc>
<msg timestamp="20220219 17:34:00.097" level="INFO">Clicking link 'Tiedot'.</msg>
<status status="PASS" starttime="20220219 17:34:00.096" endtime="20220219 17:34:00.164"/>
</kw>
<kw name="Wait Until Page Contains" library="SeleniumLibrary">
<arg>Sopimuksen mukaan</arg>
<doc>Waits until ``text`` appears on the current page.</doc>
<status status="PASS" starttime="20220219 17:34:00.164" endtime="20220219 17:34:00.199"/>
</kw>
<kw name="Sleep" library="BuiltIn">
<arg>2s</arg>
<doc>Pauses the test executed for the given time.</doc>
<msg timestamp="20220219 17:34:02.200" level="INFO">Slept 2 seconds</msg>
<status status="PASS" starttime="20220219 17:34:00.199" endtime="20220219 17:34:02.200"/>
</kw>
<kw name="Click Link" library="SeleniumLibrary">
<arg>${JOB_LINK}</arg>
<doc>Clicks a link identified by ``locator``.</doc>
<msg timestamp="20220219 17:34:02.202" level="INFO">Clicking link 'https://candidate.hr-manager.net/ApplicationInit.aspx?cid=1522&amp;ProjectId=148987&amp;DepartmentId=18973&amp;MediaId=5'.</msg>
<status status="PASS" starttime="20220219 17:34:02.201" endtime="20220219 17:34:02.307"/>
</kw>
<kw name="Switch Window" library="SeleniumLibrary">
<arg>NEW</arg>
<doc>Switches to browser window matching ``locator``.</doc>
<status status="PASS" starttime="20220219 17:34:02.308" endtime="20220219 17:34:02.322"/>
</kw>
<kw name="Sleep" library="BuiltIn">
<arg>10s</arg>
<doc>Pauses the test executed for the given time.</doc>
<msg timestamp="20220219 17:34:12.323" level="INFO">Slept 10 seconds</msg>
<status status="PASS" starttime="20220219 17:34:02.322" endtime="20220219 17:34:12.324"/>
</kw>
<kw name="Switch Window" library="SeleniumLibrary">
<arg>MAIN</arg>
<doc>Switches to browser window matching ``locator``.</doc>
<status status="PASS" starttime="20220219 17:34:12.324" endtime="20220219 17:34:12.395"/>
</kw>
<kw name="Sleep" library="BuiltIn">
<arg>3s</arg>
<doc>Pauses the test executed for the given time.</doc>
<msg timestamp="20220219 17:34:15.396" level="INFO">Slept 3 seconds</msg>
<status status="PASS" starttime="20220219 17:34:12.396" endtime="20220219 17:34:15.397"/>
</kw>
<kw name="Close Browser" library="SeleniumLibrary">
<doc>Closes the current browser.</doc>
<status status="PASS" starttime="20220219 17:34:15.397" endtime="20220219 17:34:15.504"/>
</kw>
<status status="PASS" starttime="20220219 17:33:41.307" endtime="20220219 17:34:15.505"/>
</test>
<status status="PASS" starttime="20220219 17:33:41.161" endtime="20220219 17:34:15.507"/>
</suite>
<statistics>
<total>
<stat pass="1" fail="0" skip="0">All Tests</stat>
</total>
<tag>
</tag>
<suite>
<stat pass="1" fail="0" skip="0" id="s1" name="Ettapl">Ettapl</stat>
</suite>
</statistics>
<errors>
</errors>
</robot>
