<?xml version="1.0" encoding="UTF-8"?>
<robot generator="Robot 4.1.3 (Python 3.9.7 on linux)" generated="20220218 14:45:53.025" rpa="false" schemaversion="2">
<suite id="s1" name="Ettapl" source="/home/krishna38/Desktop/Qa/tests/ettapl.robot">
<test id="s1-t1" name="Test Automation Job Application">
<kw name="Open Browser" library="SeleniumLibrary">
<arg>${URL}</arg>
<arg>${BROWSER}</arg>
<doc>Opens a new browser instance to the optional ``url``.</doc>
<msg timestamp="20220218 14:45:53.163" level="INFO">Opening browser 'chrome' to base url 'https://www.te-palvelut.fi/'.</msg>
<status status="PASS" starttime="20220218 14:45:53.162" endtime="20220218 14:45:55.633"/>
</kw>
<kw name="Click Link" library="SeleniumLibrary">
<arg>${Link}</arg>
<doc>Clicks a link identified by ``locator``.</doc>
<msg timestamp="20220218 14:45:55.635" level="INFO">Clicking link 'Avoimet työpaikat'.</msg>
<status status="PASS" starttime="20220218 14:45:55.634" endtime="20220218 14:45:56.188"/>
</kw>
<kw name="Sleep" library="BuiltIn">
<arg>2s</arg>
<doc>Pauses the test executed for the given time.</doc>
<msg timestamp="20220218 14:45:58.190" level="INFO">Slept 2 seconds</msg>
<status status="PASS" starttime="20220218 14:45:56.189" endtime="20220218 14:45:58.191"/>
</kw>
<kw name="Input Text" library="SeleniumLibrary">
<arg>//*[@id="sanahaku"]</arg>
<arg>${INPUT_TEXT}</arg>
<doc>Types the given ``text`` into the text field identified by ``locator``.</doc>
<msg timestamp="20220218 14:45:58.193" level="INFO">Typing text 'Etteplan Test Automation' into text field '//*[@id="sanahaku"]'.</msg>
<status status="PASS" starttime="20220218 14:45:58.191" endtime="20220218 14:45:58.338"/>
</kw>
<kw name="Sleep" library="BuiltIn">
<arg>3s</arg>
<doc>Pauses the test executed for the given time.</doc>
<msg timestamp="20220218 14:46:01.339" level="INFO">Slept 3 seconds</msg>
<status status="PASS" starttime="20220218 14:45:58.338" endtime="20220218 14:46:01.339"/>
</kw>
<kw name="Click Button" library="SeleniumLibrary">
<arg>//*[@id="searchButton"]</arg>
<doc>Clicks the button identified by ``locator``.</doc>
<msg timestamp="20220218 14:46:01.341" level="INFO">Clicking button '//*[@id="searchButton"]'.</msg>
<status status="PASS" starttime="20220218 14:46:01.340" endtime="20220218 14:46:01.464"/>
</kw>
<kw name="Wait Until Page Contains" library="SeleniumLibrary">
<arg>Software Test Automation Engineers</arg>
<doc>Waits until ``text`` appears on the current page.</doc>
<status status="PASS" starttime="20220218 14:46:01.465" endtime="20220218 14:46:01.741"/>
</kw>
<kw name="Sleep" library="BuiltIn">
<arg>5s</arg>
<doc>Pauses the test executed for the given time.</doc>
<msg timestamp="20220218 14:46:06.742" level="INFO">Slept 5 seconds</msg>
<status status="PASS" starttime="20220218 14:46:01.741" endtime="20220218 14:46:06.742"/>
</kw>
<kw name="Click Element" library="SeleniumLibrary">
<arg>//*[@id="l11216778"]</arg>
<doc>Click the element identified by ``locator``.</doc>
<msg timestamp="20220218 14:46:06.743" level="INFO">Clicking element '//*[@id="l11216778"]'.</msg>
<status status="PASS" starttime="20220218 14:46:06.743" endtime="20220218 14:46:06.850"/>
</kw>
<kw name="Sleep" library="BuiltIn">
<arg>5s</arg>
<doc>Pauses the test executed for the given time.</doc>
<msg timestamp="20220218 14:46:11.859" level="INFO">Slept 5 seconds</msg>
<status status="PASS" starttime="20220218 14:46:06.859" endtime="20220218 14:46:11.860"/>
</kw>
<kw name="Click Link" library="SeleniumLibrary">
<arg>Tiedot</arg>
<doc>Clicks a link identified by ``locator``.</doc>
<msg timestamp="20220218 14:46:11.861" level="INFO">Clicking link 'Tiedot'.</msg>
<status status="PASS" starttime="20220218 14:46:11.860" endtime="20220218 14:46:11.923"/>
</kw>
<kw name="Wait Until Page Contains" library="SeleniumLibrary">
<arg>Sopimuksen mukaan</arg>
<doc>Waits until ``text`` appears on the current page.</doc>
<status status="PASS" starttime="20220218 14:46:11.924" endtime="20220218 14:46:11.942"/>
</kw>
<kw name="Sleep" library="BuiltIn">
<arg>2s</arg>
<doc>Pauses the test executed for the given time.</doc>
<msg timestamp="20220218 14:46:13.943" level="INFO">Slept 2 seconds</msg>
<status status="PASS" starttime="20220218 14:46:11.942" endtime="20220218 14:46:13.943"/>
</kw>
<kw name="Click Link" library="SeleniumLibrary">
<arg>${JOB_LINK}</arg>
<doc>Clicks a link identified by ``locator``.</doc>
<msg timestamp="20220218 14:46:13.945" level="INFO">Clicking link 'https://candidate.hr-manager.net/ApplicationInit.aspx?cid=1522&amp;ProjectId=148987&amp;DepartmentId=18973&amp;MediaId=5'.</msg>
<status status="PASS" starttime="20220218 14:46:13.944" endtime="20220218 14:46:14.089"/>
</kw>
<kw name="Switch Window" library="SeleniumLibrary">
<arg>NEW</arg>
<doc>Switches to browser window matching ``locator``.</doc>
<status status="PASS" starttime="20220218 14:46:14.089" endtime="20220218 14:46:14.113"/>
</kw>
<kw name="Sleep" library="BuiltIn">
<arg>10s</arg>
<doc>Pauses the test executed for the given time.</doc>
<msg timestamp="20220218 14:46:24.114" level="INFO">Slept 10 seconds</msg>
<status status="PASS" starttime="20220218 14:46:14.113" endtime="20220218 14:46:24.114"/>
</kw>
<kw name="Switch Window" library="SeleniumLibrary">
<arg>MAIN</arg>
<doc>Switches to browser window matching ``locator``.</doc>
<status status="PASS" starttime="20220218 14:46:24.115" endtime="20220218 14:46:24.186"/>
</kw>
<kw name="Sleep" library="BuiltIn">
<arg>3s</arg>
<doc>Pauses the test executed for the given time.</doc>
<msg timestamp="20220218 14:46:27.187" level="INFO">Slept 3 seconds</msg>
<status status="PASS" starttime="20220218 14:46:24.187" endtime="20220218 14:46:27.188"/>
</kw>
<kw name="Close Browser" library="SeleniumLibrary">
<doc>Closes the current browser.</doc>
<status status="PASS" starttime="20220218 14:46:27.188" endtime="20220218 14:46:27.273"/>
</kw>
<status status="PASS" starttime="20220218 14:45:53.161" endtime="20220218 14:46:27.274"/>
</test>
<status status="PASS" starttime="20220218 14:45:53.025" endtime="20220218 14:46:27.275"/>
</suite>
<statistics>
<total>
<stat pass="1" fail="0" skip="0">All Tests</stat>
</total>
<tag>
</tag>
<suite>
<stat pass="1" fail="0" skip="0" id="s1" name="Ettapl">Ettapl</stat>
</suite>
</statistics>
<errors>
</errors>
</robot>
